<?xml version="1.0" encoding="UTF-8"?>
<!-- Generated by org.testng.reporters.JUnitReportReporter -->
<testsuite hostname="Vlads-MacBook-Pro.local" failures="0" tests="2" name="TestWithDataProvider" time="0.004" errors="0" timestamp="27 Jan 2020 10:52:49 GMT">
  <testcase classname="TestWithDataProvider" name="printData" time="0.002"/>
  <testcase classname="TestWithDataProvider" name="printData" time="0.002"/>
</testsuite>
